<?xml version="1.0" encoding="UTF-8"?>
<!-- Generated by org.testng.reporters.JUnitXMLReporter -->
<testsuite ignored="0" hostname="DESKTOP-9DEP4UT" failures="1" tests="1" name="loggerThing" time="3.258" errors="0" timestamp="2023-11-29T11:53:42 EST">
  <testcase classname="loggigty.MyTestNGClass" name="testExample" time="1.109">
    <failure type="java.lang.AssertionError" message="Test failed because condition was not met.">
      <![CDATA[java.lang.AssertionError: Test failed because condition was not met.
at loggigty.MyTestNGClass.testExample(MyTestNGClass.java:59)
at java.base/java.util.ArrayList.forEach(ArrayList.java:1511)
... Removed 28 stack frames]]>
    </failure>
  </testcase> <!-- testExample -->
</testsuite> <!-- loggerThing -->
